0 info it worked if it ends with ok
1 verbose cli [ '/Users/cek/.nvm/v0.10.32/bin/node',
1 verbose cli   '/Users/cek/.nvm/v0.10.32/bin/npm',
1 verbose cli   'run',
1 verbose cli   'test' ]
2 info using npm@1.4.28
3 info using node@v0.10.32
4 verbose run-script [ 'pretest', 'test', 'posttest' ]
5 info pretest voting-server@1.0.0
6 info test voting-server@1.0.0
7 verbose unsafe-perm in lifecycle true
8 info voting-server@1.0.0 Failed to exec test script
9 error voting-server@1.0.0 test: `mocha --compilers js:babel-core/register --require ./test/test_helper.js  --recursive`
9 error Exit status 8
10 error Failed at the voting-server@1.0.0 test script.
10 error This is most likely a problem with the voting-server package,
10 error not with npm itself.
10 error Tell the author that this fails on your system:
10 error     mocha --compilers js:babel-core/register --require ./test/test_helper.js  --recursive
10 error You can get their info via:
10 error     npm owner ls voting-server
10 error There is likely additional logging output above.
11 error System Darwin 13.4.0
12 error command "/Users/cek/.nvm/v0.10.32/bin/node" "/Users/cek/.nvm/v0.10.32/bin/npm" "run" "test"
13 error cwd /Users/cek/Documents/Projects/full-stack-redux-tutorial/voting-server
14 error node -v v0.10.32
15 error npm -v 1.4.28
16 error code ELIFECYCLE
17 verbose exit [ 1, true ]
